<?xml version="1.0" encoding="UTF-8"?>
<testsuite name="org.example.MemberTest" tests="1" skipped="0" failures="0" errors="0" timestamp="2023-07-07T12:42:37" hostname="shinheeeului-MacBookPro.local" time="0.025">
  <properties/>
  <testcase name="검증" classname="org.example.MemberTest" time="0.025"/>
  <system-out><![CDATA[]]></system-out>
  <system-err><![CDATA[]]></system-err>
</testsuite>
